<?xml version="1.0" encoding="UTF-8" ?>
<testsuite 
errors="0" failures="0" hostname="DESKTOP-JPLSL4N" name="org.apache.spark.util.sketch.BloomFilterSuite" tests="11" time="5.008" timestamp="2021-02-10T23:56:16">
  <properties>
[...]
</properties>
  <testcase 
  name="accuracy - Byte" classname="org.apache.spark.util.sketch.BloomFilterSuite" time="0.009">
</testcase>
  <testcase 
  name="mergeInPlace - Byte" classname="org.apache.spark.util.sketch.BloomFilterSuite" time="0.007">
</testcase>
  <testcase 
  name="accuracy - Short" classname="org.apache.spark.util.sketch.BloomFilterSuite" time="0.006">
</testcase>
  <testcase 
  name="mergeInPlace - Short" classname="org.apache.spark.util.sketch.BloomFilterSuite" time="0.012">
</testcase>
  <testcase 
  name="accuracy - Int" classname="org.apache.spark.util.sketch.BloomFilterSuite" time="0.038">
</testcase>
  <testcase 
  name="mergeInPlace - Int" classname="org.apache.spark.util.sketch.BloomFilterSuite" time="0.178">
</testcase>
  <testcase 
  name="accuracy - Long" classname="org.apache.spark.util.sketch.BloomFilterSuite" time="0.044">
</testcase>
  <testcase 
  name="mergeInPlace - Long" classname="org.apache.spark.util.sketch.BloomFilterSuite" time="0.077">
</testcase>
  <testcase 
  name="accuracy - String" classname="org.apache.spark.util.sketch.BloomFilterSuite" time="2.538">
</testcase>
  <testcase 
  name="mergeInPlace - String" classname="org.apache.spark.util.sketch.BloomFilterSuite" time="2.09">
</testcase>
  <testcase 
  name="incompatible merge" classname="org.apache.spark.util.sketch.BloomFilterSuite" time="0.002">
</testcase>
  <system-out><![CDATA[]]></system-out>
  <system-err><![CDATA[]]></system-err>
</testsuite>
