<?xml version="1.0" encoding="UTF-8"?>
<testsuite xmlns:xsi="http://www.w3.org/2001/XMLSchema-instance" xsi:noNamespaceSchemaLocation="https://maven.apache.org/surefire/maven-surefire-plugin/xsd/surefire-test-report-3.0.xsd" version="3.0" name="org.apache.spark.unsafe.types.UTF8StringSuite" time="0.064" tests="39" errors="0" skipped="0" failures="0">
  <properties>
[...]
</properties>
  <testcase name="titleCase" classname="org.apache.spark.unsafe.types.UTF8StringSuite" time="0"/>
  <testcase name="concatTest" classname="org.apache.spark.unsafe.types.UTF8StringSuite" time="0"/>
  <testcase name="soundex" classname="org.apache.spark.unsafe.types.UTF8StringSuite" time="0"/>
  <testcase name="basicTest" classname="org.apache.spark.unsafe.types.UTF8StringSuite" time="0"/>
  <testcase name="writeToOutputStreamUnderflow" classname="org.apache.spark.unsafe.types.UTF8StringSuite" time="0"/>
  <testcase name="testToShort" classname="org.apache.spark.unsafe.types.UTF8StringSuite" time="0.002"/>
  <testcase name="startsWith" classname="org.apache.spark.unsafe.types.UTF8StringSuite" time="0"/>
  <testcase name="compareTo" classname="org.apache.spark.unsafe.types.UTF8StringSuite" time="0"/>
  <testcase name="levenshteinDistance" classname="org.apache.spark.unsafe.types.UTF8StringSuite" time="0.001"/>
  <testcase name="writeToOutputStreamOverflow" classname="org.apache.spark.unsafe.types.UTF8StringSuite" time="0.023"/>
  <testcase name="writeToOutputStreamIntArray" classname="org.apache.spark.unsafe.types.UTF8StringSuite" time="0"/>
  <testcase name="upperAndLower" classname="org.apache.spark.unsafe.types.UTF8StringSuite" time="0.001"/>
  <testcase name="testToInt" classname="org.apache.spark.unsafe.types.UTF8StringSuite" time="0.001"/>
  <testcase name="createBlankString" classname="org.apache.spark.unsafe.types.UTF8StringSuite" time="0"/>
  <testcase name="prefix" classname="org.apache.spark.unsafe.types.UTF8StringSuite" time="0.001"/>
  <testcase name="concatWsTest" classname="org.apache.spark.unsafe.types.UTF8StringSuite" time="0"/>
  <testcase name="repeat" classname="org.apache.spark.unsafe.types.UTF8StringSuite" time="0"/>
  <testcase name="contains" classname="org.apache.spark.unsafe.types.UTF8StringSuite" time="0"/>
  <testcase name="skipWrongFirstByte" classname="org.apache.spark.unsafe.types.UTF8StringSuite" time="0"/>
  <testcase name="emptyStringTest" classname="org.apache.spark.unsafe.types.UTF8StringSuite" time="0"/>
  <testcase name="writeToOutputStreamSlice" classname="org.apache.spark.unsafe.types.UTF8StringSuite" time="0.002"/>
  <testcase name="trimBothWithTrimString" classname="org.apache.spark.unsafe.types.UTF8StringSuite" time="0.001"/>
  <testcase name="substringSQL" classname="org.apache.spark.unsafe.types.UTF8StringSuite" time="0"/>
  <testcase name="substring_index" classname="org.apache.spark.unsafe.types.UTF8StringSuite" time="0"/>
  <testcase name="pad" classname="org.apache.spark.unsafe.types.UTF8StringSuite" time="0"/>
  <testcase name="split" classname="org.apache.spark.unsafe.types.UTF8StringSuite" time="0"/>
  <testcase name="trims" classname="org.apache.spark.unsafe.types.UTF8StringSuite" time="0"/>
  <testcase name="trimRightWithTrimString" classname="org.apache.spark.unsafe.types.UTF8StringSuite" time="0.001"/>
  <testcase name="findInSet" classname="org.apache.spark.unsafe.types.UTF8StringSuite" time="0"/>
  <testcase name="substring" classname="org.apache.spark.unsafe.types.UTF8StringSuite" time="0"/>
  <testcase name="translate" classname="org.apache.spark.unsafe.types.UTF8StringSuite" time="0.019"/>
  <testcase name="replace" classname="org.apache.spark.unsafe.types.UTF8StringSuite" time="0.001"/>
  <testcase name="reverse" classname="org.apache.spark.unsafe.types.UTF8StringSuite" time="0"/>
  <testcase name="trimLeftWithTrimString" classname="org.apache.spark.unsafe.types.UTF8StringSuite" time="0.001"/>
  <testcase name="endsWith" classname="org.apache.spark.unsafe.types.UTF8StringSuite" time="0"/>
  <testcase name="testToByte" classname="org.apache.spark.unsafe.types.UTF8StringSuite" time="0"/>
  <testcase name="testToLong" classname="org.apache.spark.unsafe.types.UTF8StringSuite" time="0.001"/>
  <testcase name="writeToOutputStream" classname="org.apache.spark.unsafe.types.UTF8StringSuite" time="0"/>
  <testcase name="indexOf" classname="org.apache.spark.unsafe.types.UTF8StringSuite" time="0"/>
</testsuite>