<?xml version="1.0" encoding="UTF-8" ?>
<testsuite 
errors="0" failures="0" hostname="DESKTOP-JPLSL4N" name="org.apache.spark.unsafe.types.UTF8StringPropertyCheckSuite" tests="20" time="0.593" timestamp="2021-02-10T23:59:05">
  <properties>
[...]
</properties>
  <testcase 
  name="toString" classname="org.apache.spark.unsafe.types.UTF8StringPropertyCheckSuite" time="0.134">
</testcase>
  <testcase 
  name="numChars" classname="org.apache.spark.unsafe.types.UTF8StringPropertyCheckSuite" time="0.013">
</testcase>
  <testcase 
  name="startsWith" classname="org.apache.spark.unsafe.types.UTF8StringPropertyCheckSuite" time="0.027">
</testcase>
  <testcase 
  name="endsWith" classname="org.apache.spark.unsafe.types.UTF8StringPropertyCheckSuite" time="0.023">
</testcase>
  <testcase 
  name="toUpperCase" classname="org.apache.spark.unsafe.types.UTF8StringPropertyCheckSuite" time="0.007">
</testcase>
  <testcase 
  name="toLowerCase" classname="org.apache.spark.unsafe.types.UTF8StringPropertyCheckSuite" time="0.006">
</testcase>
  <testcase 
  name="compare" classname="org.apache.spark.unsafe.types.UTF8StringPropertyCheckSuite" time="0.01">
</testcase>
  <testcase 
  name="substring" classname="org.apache.spark.unsafe.types.UTF8StringPropertyCheckSuite" time="0.077">
</testcase>
  <testcase 
  name="contains" classname="org.apache.spark.unsafe.types.UTF8StringPropertyCheckSuite" time="0.029">
</testcase>
  <testcase 
  name="trim, trimLeft, trimRight" classname="org.apache.spark.unsafe.types.UTF8StringPropertyCheckSuite" time="0.013">
</testcase>
  <testcase 
  name="reverse" classname="org.apache.spark.unsafe.types.UTF8StringPropertyCheckSuite" time="0.003">
</testcase>
  <testcase 
  name="indexOf" classname="org.apache.spark.unsafe.types.UTF8StringPropertyCheckSuite" time="0.024">
</testcase>
  <testcase 
  name="repeat" classname="org.apache.spark.unsafe.types.UTF8StringPropertyCheckSuite" time="0.009">
</testcase>
  <testcase 
  name="lpad, rpad" classname="org.apache.spark.unsafe.types.UTF8StringPropertyCheckSuite" time="0.007">
</testcase>
  <testcase 
  name="concat" classname="org.apache.spark.unsafe.types.UTF8StringPropertyCheckSuite" time="0.072">
</testcase>
  <testcase 
  name="concatWs" classname="org.apache.spark.unsafe.types.UTF8StringPropertyCheckSuite" time="0.045">
</testcase>
  <testcase 
  name="split" classname="org.apache.spark.unsafe.types.UTF8StringPropertyCheckSuite" time="0.0">
    <skipped/>
</testcase>
  <testcase 
  name="levenshteinDistance" classname="org.apache.spark.unsafe.types.UTF8StringPropertyCheckSuite" time="0.014">
</testcase>
  <testcase 
  name="hashCode" classname="org.apache.spark.unsafe.types.UTF8StringPropertyCheckSuite" time="0.004">
</testcase>
  <testcase 
  name="equals" classname="org.apache.spark.unsafe.types.UTF8StringPropertyCheckSuite" time="0.011">
</testcase>
  <system-out><![CDATA[]]></system-out>
  <system-err><![CDATA[]]></system-err>
</testsuite>
